<?xml version="1.0" encoding="UTF-8"?>
<!-- Generated by org.testng.reporters.JUnitXMLReporter -->
<testsuite ignored="0" hostname="DESKTOP-MG4TLCT" failures="0" tests="32" name="unitTest" time="0.158" errors="0" timestamp="2021-10-24T22:09:30 CST">
  <testcase classname="UnitTesting.UnitTestCliente" name="actualizarCliente" time="0.026"/>
  <testcase classname="UnitTesting.UnitTestCliente" name="agregarCliente" time="0.001"/>
  <testcase classname="UnitTesting.UnitTestCliente" name="buscarCliente" time="0.001"/>
  <testcase classname="UnitTesting.UnitTestCliente" name="deleteById" time="0.001"/>
  <testcase classname="UnitTesting.UnitTestCliente" name="gettersYsettersInventario" time="0.006"/>
  <testcase classname="UnitTesting.UnitTestCliente" name="listarClientes" time="0.0"/>
  <testcase classname="UnitTesting.UnitTestCliente" name="listarbyId" time="0.001"/>
  <testcase classname="UnitTesting.UnitTestEmpleado" name="actualizarEmpleado" time="0.001"/>
  <testcase classname="UnitTesting.UnitTestEmpleado" name="agregarEmpleado" time="0.001"/>
  <testcase classname="UnitTesting.UnitTestEmpleado" name="deleteById" time="0.001"/>
  <testcase classname="UnitTesting.UnitTestEmpleado" name="gettersYsettersEmpleado" time="0.001"/>
  <testcase classname="UnitTesting.UnitTestEmpleado" name="listarClientes" time="0.001"/>
  <testcase classname="UnitTesting.UnitTestEmpleado" name="listarbyId" time="0.001"/>
  <testcase classname="UnitTesting.UnitTestFabrica" name="actualizarFabrica" time="0.001"/>
  <testcase classname="UnitTesting.UnitTestFabrica" name="agregarFabrica" time="0.001"/>
  <testcase classname="UnitTesting.UnitTestFabrica" name="buscarFabrica" time="0.002"/>
  <testcase classname="UnitTesting.UnitTestFabrica" name="buscarMarca" time="0.001"/>
  <testcase classname="UnitTesting.UnitTestFabrica" name="deleteById" time="0.001"/>
  <testcase classname="UnitTesting.UnitTestFabrica" name="gettersYsettersFabrica" time="0.001"/>
  <testcase classname="UnitTesting.UnitTestFabrica" name="listarFabricas" time="0.0"/>
  <testcase classname="UnitTesting.UnitTestInventario" name="buscarInventario" time="0.001"/>
  <testcase classname="UnitTesting.UnitTestInventario" name="gettersYsettersInventario" time="0.0"/>
  <testcase classname="UnitTesting.UnitTestInventario" name="listarInventarios" time="0.001"/>
  <testcase classname="UnitTesting.UnitTestInventario" name="listarbyId" time="0.001"/>
  <testcase classname="UnitTesting.UnitTestMarca" name="agregarCliente" time="0.0"/>
  <testcase classname="UnitTesting.UnitTestMarca" name="deletebyId" time="0.0"/>
  <testcase classname="UnitTesting.UnitTestMarca" name="gettersYsettersMarca" time="0.0"/>
  <testcase classname="UnitTesting.UnitTestMarca" name="listarmarcas" time="0.001"/>
  <testcase classname="UnitTesting.UnitTestPedidos" name="actualizaEstadoInventario" time="0.001"/>
  <testcase classname="UnitTesting.UnitTestPedidos" name="buscarbyId" time="0.001"/>
  <testcase classname="UnitTesting.UnitTestPedidos" name="gettersYsettersPedidos" time="0.001"/>
  <testcase classname="UnitTesting.UnitTestPedidos" name="listarPedidos" time="0.0"/>
</testsuite> <!-- unitTest -->
