<?xml version="1.0" encoding="UTF-8"?>
<testsuite xmlns:xsi="http://www.w3.org/2001/XMLSchema-instance" xsi:noNamespaceSchemaLocation="https://maven.apache.org/surefire/maven-surefire-plugin/xsd/surefire-test-report.xsd" name="TestSuite" time="2.595" tests="32" errors="0" skipped="0" failures="0">
  <properties>
[...]
</properties>
  <testcase name="actualizarCliente" classname="UnitTesting.UnitTestCliente" time="0.026"/>
  <testcase name="agregarCliente" classname="UnitTesting.UnitTestCliente" time="0"/>
  <testcase name="buscarCliente" classname="UnitTesting.UnitTestCliente" time="0"/>
  <testcase name="deleteById" classname="UnitTesting.UnitTestCliente" time="0"/>
  <testcase name="gettersYsettersInventario" classname="UnitTesting.UnitTestCliente" time="0.007"/>
  <testcase name="listarClientes" classname="UnitTesting.UnitTestCliente" time="0.001"/>
  <testcase name="listarbyId" classname="UnitTesting.UnitTestCliente" time="0"/>
  <testcase name="actualizarEmpleado" classname="UnitTesting.UnitTestEmpleado" time="0.001"/>
  <testcase name="agregarEmpleado" classname="UnitTesting.UnitTestEmpleado" time="0.001"/>
  <testcase name="deleteById" classname="UnitTesting.UnitTestEmpleado" time="0.001"/>
  <testcase name="gettersYsettersEmpleado" classname="UnitTesting.UnitTestEmpleado" time="0"/>
  <testcase name="listarClientes" classname="UnitTesting.UnitTestEmpleado" time="0.001"/>
  <testcase name="listarbyId" classname="UnitTesting.UnitTestEmpleado" time="0.001"/>
  <testcase name="actualizarFabrica" classname="UnitTesting.UnitTestFabrica" time="0"/>
  <testcase name="agregarFabrica" classname="UnitTesting.UnitTestFabrica" time="0.002"/>
  <testcase name="buscarFabrica" classname="UnitTesting.UnitTestFabrica" time="0"/>
  <testcase name="buscarMarca" classname="UnitTesting.UnitTestFabrica" time="0"/>
  <testcase name="deleteById" classname="UnitTesting.UnitTestFabrica" time="0"/>
  <testcase name="gettersYsettersFabrica" classname="UnitTesting.UnitTestFabrica" time="0"/>
  <testcase name="listarFabricas" classname="UnitTesting.UnitTestFabrica" time="0"/>
  <testcase name="buscarInventario" classname="UnitTesting.UnitTestInventario" time="0.001"/>
  <testcase name="gettersYsettersInventario" classname="UnitTesting.UnitTestInventario" time="0.002"/>
  <testcase name="listarInventarios" classname="UnitTesting.UnitTestInventario" time="0"/>
  <testcase name="listarbyId" classname="UnitTesting.UnitTestInventario" time="0.001"/>
  <testcase name="agregarCliente" classname="UnitTesting.UnitTestMarca" time="0"/>
  <testcase name="deletebyId" classname="UnitTesting.UnitTestMarca" time="0"/>
  <testcase name="gettersYsettersMarca" classname="UnitTesting.UnitTestMarca" time="0"/>
  <testcase name="listarmarcas" classname="UnitTesting.UnitTestMarca" time="0.001"/>
  <testcase name="actualizaEstadoInventario" classname="UnitTesting.UnitTestPedidos" time="0"/>
  <testcase name="buscarbyId" classname="UnitTesting.UnitTestPedidos" time="0"/>
  <testcase name="gettersYsettersPedidos" classname="UnitTesting.UnitTestPedidos" time="0.001"/>
  <testcase name="listarPedidos" classname="UnitTesting.UnitTestPedidos" time="0"/>
</testsuite>