<?xml version="1.0" encoding="UTF-8"?>
<testng-results ignored="0" total="32" passed="32" failed="0" skipped="0">
  <reporter-output>
  </reporter-output>
  <suite started-at="2021-10-24T22:09:30 CST" name="Tercera-Entrega-Suit" finished-at="2021-10-24T22:09:30 CST" duration-ms="158">
    <groups>
      <group name="unitTest">
        <method signature="UnitTestCliente.actualizarCliente()[pri:0, instance:UnitTesting.UnitTestCliente@2dcd451f]" name="actualizarCliente" class="UnitTesting.UnitTestCliente"/>
        <method signature="UnitTestCliente.agregarCliente()[pri:0, instance:UnitTesting.UnitTestCliente@2dcd451f]" name="agregarCliente" class="UnitTesting.UnitTestCliente"/>
        <method signature="UnitTestCliente.buscarCliente()[pri:0, instance:UnitTesting.UnitTestCliente@2dcd451f]" name="buscarCliente" class="UnitTesting.UnitTestCliente"/>
        <method signature="UnitTestCliente.deleteById()[pri:0, instance:UnitTesting.UnitTestCliente@2dcd451f]" name="deleteById" class="UnitTesting.UnitTestCliente"/>
        <method signature="UnitTestCliente.gettersYsettersInventario()[pri:0, instance:UnitTesting.UnitTestCliente@2dcd451f]" name="gettersYsettersInventario" class="UnitTesting.UnitTestCliente"/>
        <method signature="UnitTestCliente.listarClientes()[pri:0, instance:UnitTesting.UnitTestCliente@2dcd451f]" name="listarClientes" class="UnitTesting.UnitTestCliente"/>
        <method signature="UnitTestCliente.listarbyId()[pri:0, instance:UnitTesting.UnitTestCliente@2dcd451f]" name="listarbyId" class="UnitTesting.UnitTestCliente"/>
        <method signature="UnitTestEmpleado.actualizarEmpleado()[pri:0, instance:UnitTesting.UnitTestEmpleado@ae74eef]" name="actualizarEmpleado" class="UnitTesting.UnitTestEmpleado"/>
        <method signature="UnitTestEmpleado.agregarEmpleado()[pri:0, instance:UnitTesting.UnitTestEmpleado@ae74eef]" name="agregarEmpleado" class="UnitTesting.UnitTestEmpleado"/>
        <method signature="UnitTestEmpleado.deleteById()[pri:0, instance:UnitTesting.UnitTestEmpleado@ae74eef]" name="deleteById" class="UnitTesting.UnitTestEmpleado"/>
        <method signature="UnitTestEmpleado.gettersYsettersEmpleado()[pri:0, instance:UnitTesting.UnitTestEmpleado@ae74eef]" name="gettersYsettersEmpleado" class="UnitTesting.UnitTestEmpleado"/>
        <method signature="UnitTestEmpleado.listarClientes()[pri:0, instance:UnitTesting.UnitTestEmpleado@ae74eef]" name="listarClientes" class="UnitTesting.UnitTestEmpleado"/>
        <method signature="UnitTestEmpleado.listarbyId()[pri:0, instance:UnitTesting.UnitTestEmpleado@ae74eef]" name="listarbyId" class="UnitTesting.UnitTestEmpleado"/>
        <method signature="UnitTestFabrica.actualizarFabrica()[pri:0, instance:UnitTesting.UnitTestFabrica@5065bdac]" name="actualizarFabrica" class="UnitTesting.UnitTestFabrica"/>
        <method signature="UnitTestFabrica.agregarFabrica()[pri:0, instance:UnitTesting.UnitTestFabrica@5065bdac]" name="agregarFabrica" class="UnitTesting.UnitTestFabrica"/>
        <method signature="UnitTestFabrica.buscarFabrica()[pri:0, instance:UnitTesting.UnitTestFabrica@5065bdac]" name="buscarFabrica" class="UnitTesting.UnitTestFabrica"/>
        <method signature="UnitTestFabrica.buscarMarca()[pri:0, instance:UnitTesting.UnitTestFabrica@5065bdac]" name="buscarMarca" class="UnitTesting.UnitTestFabrica"/>
        <method signature="UnitTestFabrica.deleteById()[pri:0, instance:UnitTesting.UnitTestFabrica@5065bdac]" name="deleteById" class="UnitTesting.UnitTestFabrica"/>
        <method signature="UnitTestFabrica.gettersYsettersFabrica()[pri:0, instance:UnitTesting.UnitTestFabrica@5065bdac]" name="gettersYsettersFabrica" class="UnitTesting.UnitTestFabrica"/>
        <method signature="UnitTestFabrica.listarFabricas()[pri:0, instance:UnitTesting.UnitTestFabrica@5065bdac]" name="listarFabricas" class="UnitTesting.UnitTestFabrica"/>
        <method signature="UnitTestInventario.buscarInventario()[pri:0, instance:UnitTesting.UnitTestInventario@94aeba1]" name="buscarInventario" class="UnitTesting.UnitTestInventario"/>
        <method signature="UnitTestInventario.gettersYsettersInventario()[pri:0, instance:UnitTesting.UnitTestInventario@94aeba1]" name="gettersYsettersInventario" class="UnitTesting.UnitTestInventario"/>
        <method signature="UnitTestInventario.listarInventarios()[pri:0, instance:UnitTesting.UnitTestInventario@94aeba1]" name="listarInventarios" class="UnitTesting.UnitTestInventario"/>
        <method signature="UnitTestInventario.listarbyId()[pri:0, instance:UnitTesting.UnitTestInventario@94aeba1]" name="listarbyId" class="UnitTesting.UnitTestInventario"/>
        <method signature="UnitTestMarca.agregarCliente()[pri:0, instance:UnitTesting.UnitTestMarca@5b32e0b1]" name="agregarCliente" class="UnitTesting.UnitTestMarca"/>
        <method signature="UnitTestMarca.deletebyId()[pri:0, instance:UnitTesting.UnitTestMarca@5b32e0b1]" name="deletebyId" class="UnitTesting.UnitTestMarca"/>
        <method signature="UnitTestMarca.gettersYsettersMarca()[pri:0, instance:UnitTesting.UnitTestMarca@5b32e0b1]" name="gettersYsettersMarca" class="UnitTesting.UnitTestMarca"/>
        <method signature="UnitTestMarca.listarmarcas()[pri:0, instance:UnitTesting.UnitTestMarca@5b32e0b1]" name="listarmarcas" class="UnitTesting.UnitTestMarca"/>
        <method signature="UnitTestPedidos.actualizaEstadoInventario()[pri:0, instance:UnitTesting.UnitTestPedidos@7d43f1c9]" name="actualizaEstadoInventario" class="UnitTesting.UnitTestPedidos"/>
        <method signature="UnitTestPedidos.buscarbyId()[pri:0, instance:UnitTesting.UnitTestPedidos@7d43f1c9]" name="buscarbyId" class="UnitTesting.UnitTestPedidos"/>
        <method signature="UnitTestPedidos.gettersYsettersPedidos()[pri:0, instance:UnitTesting.UnitTestPedidos@7d43f1c9]" name="gettersYsettersPedidos" class="UnitTesting.UnitTestPedidos"/>
        <method signature="UnitTestPedidos.listarPedidos()[pri:0, instance:UnitTesting.UnitTestPedidos@7d43f1c9]" name="listarPedidos" class="UnitTesting.UnitTestPedidos"/>
      </group> <!-- unitTest -->
    </groups>
    <test started-at="2021-10-24T22:09:30 CST" name="unitTest" finished-at="2021-10-24T22:09:30 CST" duration-ms="158">
      <class name="UnitTesting.UnitTestEmpleado">
        <test-method signature="actualizarEmpleado()[pri:0, instance:UnitTesting.UnitTestEmpleado@ae74eef]" started-at="2021-10-24T22:09:30 CST" name="actualizarEmpleado" description="Prueba actualizar Empleado" finished-at="2021-10-24T22:09:30 CST" duration-ms="1" status="PASS">
          <reporter-output>
          </reporter-output>
        </test-method> <!-- actualizarEmpleado -->
        <test-method signature="agregarEmpleado()[pri:0, instance:UnitTesting.UnitTestEmpleado@ae74eef]" started-at="2021-10-24T22:09:30 CST" name="agregarEmpleado" description="Prueba agregar nuevo Empleado" finished-at="2021-10-24T22:09:30 CST" duration-ms="1" status="PASS">
          <reporter-output>
          </reporter-output>
        </test-method> <!-- agregarEmpleado -->
        <test-method signature="deleteById()[pri:0, instance:UnitTesting.UnitTestEmpleado@ae74eef]" started-at="2021-10-24T22:09:30 CST" name="deleteById" description="Prueba eliminar Empleado" finished-at="2021-10-24T22:09:30 CST" duration-ms="1" status="PASS">
          <reporter-output>
          </reporter-output>
        </test-method> <!-- deleteById -->
        <test-method signature="gettersYsettersEmpleado()[pri:0, instance:UnitTesting.UnitTestEmpleado@ae74eef]" started-at="2021-10-24T22:09:30 CST" name="gettersYsettersEmpleado" description="Prueba métodos getter y setter de Empleado" finished-at="2021-10-24T22:09:30 CST" duration-ms="1" status="PASS">
          <reporter-output>
          </reporter-output>
        </test-method> <!-- gettersYsettersEmpleado -->
        <test-method signature="listarClientes()[pri:0, instance:UnitTesting.UnitTestEmpleado@ae74eef]" started-at="2021-10-24T22:09:30 CST" name="listarClientes" description="Prueba listar empleados" finished-at="2021-10-24T22:09:30 CST" duration-ms="1" status="PASS">
          <reporter-output>
          </reporter-output>
        </test-method> <!-- listarClientes -->
        <test-method signature="listarbyId()[pri:0, instance:UnitTesting.UnitTestEmpleado@ae74eef]" started-at="2021-10-24T22:09:30 CST" name="listarbyId" description="Prueba listar Empleado por ID" finished-at="2021-10-24T22:09:30 CST" duration-ms="1" status="PASS">
          <reporter-output>
          </reporter-output>
        </test-method> <!-- listarbyId -->
      </class> <!-- UnitTesting.UnitTestEmpleado -->
      <class name="UnitTesting.UnitTestInventario">
        <test-method signature="buscarInventario()[pri:0, instance:UnitTesting.UnitTestInventario@94aeba1]" started-at="2021-10-24T22:09:30 CST" name="buscarInventario" description="Prueba buscar inventario" finished-at="2021-10-24T22:09:30 CST" duration-ms="1" status="PASS">
          <reporter-output>
          </reporter-output>
        </test-method> <!-- buscarInventario -->
        <test-method signature="gettersYsettersInventario()[pri:0, instance:UnitTesting.UnitTestInventario@94aeba1]" started-at="2021-10-24T22:09:30 CST" name="gettersYsettersInventario" description="Prueba métodos getter y setter de Inventario" finished-at="2021-10-24T22:09:30 CST" duration-ms="0" status="PASS">
          <reporter-output>
          </reporter-output>
        </test-method> <!-- gettersYsettersInventario -->
        <test-method signature="listarInventarios()[pri:0, instance:UnitTesting.UnitTestInventario@94aeba1]" started-at="2021-10-24T22:09:30 CST" name="listarInventarios" description="Prueba listar inventarios" finished-at="2021-10-24T22:09:30 CST" duration-ms="1" status="PASS">
          <reporter-output>
          </reporter-output>
        </test-method> <!-- listarInventarios -->
        <test-method signature="listarbyId()[pri:0, instance:UnitTesting.UnitTestInventario@94aeba1]" started-at="2021-10-24T22:09:30 CST" name="listarbyId" description="Prueba busqueda del producto de cada inventario" finished-at="2021-10-24T22:09:30 CST" duration-ms="1" status="PASS">
          <reporter-output>
          </reporter-output>
        </test-method> <!-- listarbyId -->
      </class> <!-- UnitTesting.UnitTestInventario -->
      <class name="UnitTesting.UnitTestFabrica">
        <test-method signature="actualizarFabrica()[pri:0, instance:UnitTesting.UnitTestFabrica@5065bdac]" started-at="2021-10-24T22:09:30 CST" name="actualizarFabrica" description="Prueba actualizar Fabrica" finished-at="2021-10-24T22:09:30 CST" duration-ms="1" status="PASS">
          <reporter-output>
          </reporter-output>
        </test-method> <!-- actualizarFabrica -->
        <test-method signature="agregarFabrica()[pri:0, instance:UnitTesting.UnitTestFabrica@5065bdac]" started-at="2021-10-24T22:09:30 CST" name="agregarFabrica" description="Prueba agregar nueva Marca" finished-at="2021-10-24T22:09:30 CST" duration-ms="1" status="PASS">
          <reporter-output>
          </reporter-output>
        </test-method> <!-- agregarFabrica -->
        <test-method signature="buscarFabrica()[pri:0, instance:UnitTesting.UnitTestFabrica@5065bdac]" started-at="2021-10-24T22:09:30 CST" name="buscarFabrica" description="Prueba buscar fabrica" finished-at="2021-10-24T22:09:30 CST" duration-ms="2" status="PASS">
          <reporter-output>
          </reporter-output>
        </test-method> <!-- buscarFabrica -->
        <test-method signature="buscarMarca()[pri:0, instance:UnitTesting.UnitTestFabrica@5065bdac]" started-at="2021-10-24T22:09:30 CST" name="buscarMarca" description="Prueba buscar marca" finished-at="2021-10-24T22:09:30 CST" duration-ms="1" status="PASS">
          <reporter-output>
          </reporter-output>
        </test-method> <!-- buscarMarca -->
        <test-method signature="deleteById()[pri:0, instance:UnitTesting.UnitTestFabrica@5065bdac]" started-at="2021-10-24T22:09:30 CST" name="deleteById" description="Prueba eliminar Fabrica" finished-at="2021-10-24T22:09:30 CST" duration-ms="1" status="PASS">
          <reporter-output>
          </reporter-output>
        </test-method> <!-- deleteById -->
        <test-method signature="gettersYsettersFabrica()[pri:0, instance:UnitTesting.UnitTestFabrica@5065bdac]" started-at="2021-10-24T22:09:30 CST" name="gettersYsettersFabrica" description="Prueba métodos getter y setter de Fabrica" finished-at="2021-10-24T22:09:30 CST" duration-ms="1" status="PASS">
          <reporter-output>
          </reporter-output>
        </test-method> <!-- gettersYsettersFabrica -->
        <test-method signature="listarFabricas()[pri:0, instance:UnitTesting.UnitTestFabrica@5065bdac]" started-at="2021-10-24T22:09:30 CST" name="listarFabricas" description="Prueba listar Fabricas" finished-at="2021-10-24T22:09:30 CST" duration-ms="0" status="PASS">
          <reporter-output>
          </reporter-output>
        </test-method> <!-- listarFabricas -->
      </class> <!-- UnitTesting.UnitTestFabrica -->
      <class name="UnitTesting.UnitTestCliente">
        <test-method signature="actualizarCliente()[pri:0, instance:UnitTesting.UnitTestCliente@2dcd451f]" started-at="2021-10-24T22:09:30 CST" name="actualizarCliente" description="Prueba actualizar Cliente" finished-at="2021-10-24T22:09:30 CST" duration-ms="26" status="PASS">
          <reporter-output>
          </reporter-output>
        </test-method> <!-- actualizarCliente -->
        <test-method signature="agregarCliente()[pri:0, instance:UnitTesting.UnitTestCliente@2dcd451f]" started-at="2021-10-24T22:09:30 CST" name="agregarCliente" description="Prueba agregar nuevo Cliente" finished-at="2021-10-24T22:09:30 CST" duration-ms="1" status="PASS">
          <reporter-output>
          </reporter-output>
        </test-method> <!-- agregarCliente -->
        <test-method signature="buscarCliente()[pri:0, instance:UnitTesting.UnitTestCliente@2dcd451f]" started-at="2021-10-24T22:09:30 CST" name="buscarCliente" description="Prueba buscar nuevo Cliente" finished-at="2021-10-24T22:09:30 CST" duration-ms="1" status="PASS">
          <reporter-output>
          </reporter-output>
        </test-method> <!-- buscarCliente -->
        <test-method signature="deleteById()[pri:0, instance:UnitTesting.UnitTestCliente@2dcd451f]" started-at="2021-10-24T22:09:30 CST" name="deleteById" description="Prueba eliminar Cliente" finished-at="2021-10-24T22:09:30 CST" duration-ms="1" status="PASS">
          <reporter-output>
          </reporter-output>
        </test-method> <!-- deleteById -->
        <test-method signature="gettersYsettersInventario()[pri:0, instance:UnitTesting.UnitTestCliente@2dcd451f]" started-at="2021-10-24T22:09:30 CST" name="gettersYsettersInventario" description="Prueba métodos getter y setter de Cliente" finished-at="2021-10-24T22:09:30 CST" duration-ms="6" status="PASS">
          <reporter-output>
          </reporter-output>
        </test-method> <!-- gettersYsettersInventario -->
        <test-method signature="listarClientes()[pri:0, instance:UnitTesting.UnitTestCliente@2dcd451f]" started-at="2021-10-24T22:09:30 CST" name="listarClientes" description="Prueba listar Cliente" finished-at="2021-10-24T22:09:30 CST" duration-ms="0" status="PASS">
          <reporter-output>
          </reporter-output>
        </test-method> <!-- listarClientes -->
        <test-method signature="listarbyId()[pri:0, instance:UnitTesting.UnitTestCliente@2dcd451f]" started-at="2021-10-24T22:09:30 CST" name="listarbyId" description="Prueba listar Cliente por ID" finished-at="2021-10-24T22:09:30 CST" duration-ms="1" status="PASS">
          <reporter-output>
          </reporter-output>
        </test-method> <!-- listarbyId -->
      </class> <!-- UnitTesting.UnitTestCliente -->
      <class name="UnitTesting.UnitTestPedidos">
        <test-method signature="actualizaEstadoInventario()[pri:0, instance:UnitTesting.UnitTestPedidos@7d43f1c9]" started-at="2021-10-24T22:09:30 CST" name="actualizaEstadoInventario" description="Actualizar el estado de un inventario" finished-at="2021-10-24T22:09:30 CST" duration-ms="1" status="PASS">
          <reporter-output>
          </reporter-output>
        </test-method> <!-- actualizaEstadoInventario -->
        <test-method signature="buscarbyId()[pri:0, instance:UnitTesting.UnitTestPedidos@7d43f1c9]" started-at="2021-10-24T22:09:30 CST" name="buscarbyId" description="Prueba buscar marca por ID" finished-at="2021-10-24T22:09:30 CST" duration-ms="1" status="PASS">
          <reporter-output>
          </reporter-output>
        </test-method> <!-- buscarbyId -->
        <test-method signature="gettersYsettersPedidos()[pri:0, instance:UnitTesting.UnitTestPedidos@7d43f1c9]" started-at="2021-10-24T22:09:30 CST" name="gettersYsettersPedidos" description="Prueba métodos getter y setter de Pedidos" finished-at="2021-10-24T22:09:30 CST" duration-ms="1" status="PASS">
          <reporter-output>
          </reporter-output>
        </test-method> <!-- gettersYsettersPedidos -->
        <test-method signature="listarPedidos()[pri:0, instance:UnitTesting.UnitTestPedidos@7d43f1c9]" started-at="2021-10-24T22:09:30 CST" name="listarPedidos" description="Prueba listar pedidos" finished-at="2021-10-24T22:09:30 CST" duration-ms="0" status="PASS">
          <reporter-output>
          </reporter-output>
        </test-method> <!-- listarPedidos -->
      </class> <!-- UnitTesting.UnitTestPedidos -->
      <class name="UnitTesting.UnitTestMarca">
        <test-method signature="agregarCliente()[pri:0, instance:UnitTesting.UnitTestMarca@5b32e0b1]" started-at="2021-10-24T22:09:30 CST" name="agregarCliente" description="Prueba agregar nueva Marca" finished-at="2021-10-24T22:09:30 CST" duration-ms="0" status="PASS">
          <reporter-output>
          </reporter-output>
        </test-method> <!-- agregarCliente -->
        <test-method signature="deletebyId()[pri:0, instance:UnitTesting.UnitTestMarca@5b32e0b1]" started-at="2021-10-24T22:09:30 CST" name="deletebyId" description="Prueba eliminar marca por ID" finished-at="2021-10-24T22:09:30 CST" duration-ms="0" status="PASS">
          <reporter-output>
          </reporter-output>
        </test-method> <!-- deletebyId -->
        <test-method signature="listarmarcas()[pri:0, instance:UnitTesting.UnitTestMarca@5b32e0b1]" started-at="2021-10-24T22:09:30 CST" name="listarmarcas" description="Prueba listar marcas" finished-at="2021-10-24T22:09:30 CST" duration-ms="1" status="PASS">
          <reporter-output>
          </reporter-output>
        </test-method> <!-- listarmarcas -->
        <test-method signature="gettersYsettersMarca()[pri:0, instance:UnitTesting.UnitTestMarca@5b32e0b1]" started-at="2021-10-24T22:09:30 CST" name="gettersYsettersMarca" description="Prueba métodos getter y setter de Marca" finished-at="2021-10-24T22:09:30 CST" duration-ms="0" status="PASS">
          <reporter-output>
          </reporter-output>
        </test-method> <!-- gettersYsettersMarca -->
      </class> <!-- UnitTesting.UnitTestMarca -->
    </test> <!-- unitTest -->
  </suite> <!-- Tercera-Entrega-Suit -->
</testng-results>
